#
# There is insufficient memory for the Java Runtime Environment to continue.
# Native memory allocation (malloc) failed to allocate 810816 bytes for Chunk::new
# Possible reasons:
#   The system is out of physical RAM or swap space
#   The process is running with CompressedOops enabled, and the Java Heap may be blocking the growth of the native heap
# Possible solutions:
#   Reduce memory load on the system
#   Increase physical memory or swap space
#   Check if swap backing store is full
#   Decrease Java heap size (-Xmx/-Xms)
#   Decrease number of Java threads
#   Decrease Java thread stack sizes (-Xss)
#   Set larger code cache with -XX:ReservedCodeCacheSize=
#   JVM is running with Unscaled Compressed Oops mode in which the Java heap is
#     placed in the first 4GB address space. The Java Heap base address is the
#     maximum limit for the native heap growth. Please use -XX:HeapBaseMinAddress
#     to set the Java Heap base and to place the Java Heap above 4GB virtual address.
# This output file may be truncated or incomplete.
#
#  Out of Memory Error (allocation.cpp:389), pid=2216, tid=0x0000000000002058
#
# JRE version: OpenJDK Runtime Environment (8.0_242-b01) (build 1.8.0_242-release-1644-b01)
# Java VM: OpenJDK 64-Bit Server VM (25.242-b01 mixed mode windows-amd64 compressed oops)
# Failed to write core dump. Minidumps are not enabled by default on client versions of Windows
#

---------------  T H R E A D  ---------------

Current thread (0x00000000192cc800):  JavaThread "C2 CompilerThread2" daemon [_thread_in_native, id=8280, stack(0x0000000019da0000,0x0000000019ea0000)]

Stack: [0x0000000019da0000,0x0000000019ea0000]
[error occurred during error reporting (printing stack bounds), id 0xc0000005]

Native frames: (J=compiled Java code, j=interpreted, Vv=VM code, C=native code)


Current CompileTask:
C2:   3667 2683       4       org.objectweb.asm.Frame::execute (2318 bytes)


---------------  P R O C E S S  ---------------

Java Threads: ( => current thread )
  0x000000001bc7c000 JavaThread "Cache worker for file content cache (C:\Users\Vladimir\.gradle\caches\6.5\fileContent)" [_thread_blocked, id=9276, stack(0x0000000022620000,0x0000000022720000)]
  0x000000001bc78800 JavaThread "jar transforms" [_thread_blocked, id=11828, stack(0x0000000022520000,0x0000000022620000)]
  0x000000001bc7b800 JavaThread "Cache worker for execution history cache (C:\Users\Vladimir\.gradle\caches\6.5\executionHistory)" [_thread_blocked, id=7144, stack(0x0000000021ce0000,0x0000000021de0000)]
  0x000000001bc7f000 JavaThread "Cache worker for cache directory md-rule (C:\Users\Vladimir\.gradle\caches\6.5\md-rule)" [_thread_blocked, id=3176, stack(0x0000000021be0000,0x0000000021ce0000)]
  0x000000001bc79000 JavaThread "Cache worker for cache directory md-supplier (C:\Users\Vladimir\.gradle\caches\6.5\md-supplier)" [_thread_blocked, id=9436, stack(0x0000000020890000,0x0000000020990000)]
  0x000000001bc7a800 JavaThread "Cache worker for checksums cache (C:\dev\lessons Android\6\FF\.gradle\checksums)" [_thread_blocked, id=8808, stack(0x0000000020790000,0x0000000020890000)]
  0x000000001bc7a000 JavaThread "Cache worker for file hash cache (C:\dev\lessons Android\6\FF\.gradle\6.5\fileHashes)" [_thread_blocked, id=9988, stack(0x0000000022020000,0x0000000022120000)]
  0x000000001bc7e800 JavaThread "Cache worker for file hash cache (C:\Users\Vladimir\.gradle\caches\6.5\fileHashes)" [_thread_blocked, id=14756, stack(0x000000001e2f0000,0x000000001e3f0000)]
  0x000000001bc7d800 JavaThread "File lock request listener" [_thread_in_native, id=12916, stack(0x000000001e1f0000,0x000000001e2f0000)]
  0x000000001be1c800 JavaThread "Cache worker for journal cache (C:\Users\Vladimir\.gradle\caches\journal-1)" [_thread_blocked, id=9460, stack(0x000000001e0f0000,0x000000001e1f0000)]
  0x000000001bc32000 JavaThread "Thread-9" [_thread_blocked, id=3596, stack(0x000000001ddf0000,0x000000001def0000)]
  0x000000001bc2f000 JavaThread "Stdin handler" [_thread_blocked, id=5720, stack(0x000000001dcf0000,0x000000001ddf0000)]
  0x000000001bc2c800 JavaThread "Asynchronous log dispatcher for DefaultDaemonConnection: socket connection from /127.0.0.1:61370 to /127.0.0.1:61371" [_thread_blocked, id=15148, stack(0x000000001dbf0000,0x000000001dcf0000)]
  0x000000001bc25000 JavaThread "Daemon worker" [_thread_in_Java, id=3212, stack(0x000000001daf0000,0x000000001dbf0000)]
  0x000000001bc24000 JavaThread "Cancel handler" [_thread_blocked, id=13396, stack(0x000000001d8f0000,0x000000001d9f0000)]
  0x000000001bb84000 JavaThread "Handler for socket connection from /127.0.0.1:61370 to /127.0.0.1:61371" [_thread_in_native, id=13048, stack(0x000000001d7f0000,0x000000001d8f0000)]
  0x000000001bb62800 JavaThread "Daemon" [_thread_blocked, id=2780, stack(0x000000001d6f0000,0x000000001d7f0000)]
  0x000000001bb62000 JavaThread "Daemon periodic checks" [_thread_blocked, id=9432, stack(0x000000001d3f0000,0x000000001d4f0000)]
  0x000000001bb43000 JavaThread "Incoming local TCP Connector on port 61370" [_thread_in_native, id=14244, stack(0x000000001d1a0000,0x000000001d2a0000)]
  0x000000001bae7800 JavaThread "Daemon health stats" [_thread_blocked, id=14080, stack(0x000000001cb40000,0x000000001cc40000)]
  0x0000000019351000 JavaThread "Service Thread" daemon [_thread_blocked, id=15356, stack(0x0000000019fa0000,0x000000001a0a0000)]
  0x00000000192d1000 JavaThread "C1 CompilerThread3" daemon [_thread_in_native, id=5700, stack(0x0000000019ea0000,0x0000000019fa0000)]
=>0x00000000192cc800 JavaThread "C2 CompilerThread2" daemon [_thread_in_native, id=8280, stack(0x0000000019da0000,0x0000000019ea0000)]
  0x00000000192c7000 JavaThread "C2 CompilerThread1" daemon [_thread_in_native, id=7556, stack(0x0000000019ca0000,0x0000000019da0000)]
  0x00000000192c5000 JavaThread "C2 CompilerThread0" daemon [_thread_blocked, id=3456, stack(0x0000000019ba0000,0x0000000019ca0000)]
  0x00000000192c3800 JavaThread "Attach Listener" daemon [_thread_blocked, id=11416, stack(0x0000000019aa0000,0x0000000019ba0000)]
  0x00000000192c3000 JavaThread "Signal Dispatcher" daemon [_thread_blocked, id=10564, stack(0x00000000199a0000,0x0000000019aa0000)]
  0x00000000192b0800 JavaThread "Finalizer" daemon [_thread_blocked, id=10028, stack(0x0000000019790000,0x0000000019890000)]
  0x0000000002448000 JavaThread "Reference Handler" daemon [_thread_blocked, id=4004, stack(0x0000000019690000,0x0000000019790000)]
  0x00000000009fe800 JavaThread "main" [_thread_blocked, id=3820, stack(0x0000000002250000,0x0000000002350000)]

Other Threads:
  0x00000000174b6800 VMThread [stack: 0x0000000019190000,0x0000000019290000] [id=4620]
  0x000000001935a000 WatcherThread [stack: 0x000000001a0a0000,0x000000001a1a0000] [id=1936]

VM state:not at safepoint (normal execution)

VM Mutex/Monitor currently owned by a thread: None

heap address: 0x0000000080000000, size: 2048 MB, Compressed Oops mode: 32-bit
Narrow klass base: 0x0000000000000000, Narrow klass shift: 3
Compressed class space size: 1073741824 Address: 0x0000000100000000

Heap:
 PSYoungGen      total 111616K, used 17929K [0x00000000d5580000, 0x00000000dd000000, 0x0000000100000000)
  eden space 101888K, 8% used [0x00000000d5580000,0x00000000d5dedc40,0x00000000db900000)
  from space 9728K, 95% used [0x00000000dc680000,0x00000000dcf948c0,0x00000000dd000000)
  to   space 11776K, 0% used [0x00000000db900000,0x00000000db900000,0x00000000dc480000)
 ParOldGen       total 97792K, used 7221K [0x0000000080000000, 0x0000000085f80000, 0x00000000d5580000)
  object space 97792K, 7% used [0x0000000080000000,0x000000008070d5a8,0x0000000085f80000)
 Metaspace       used 33433K, capacity 34590K, committed 34864K, reserved 1087488K
  class space    used 4576K, capacity 4862K, committed 4912K, reserved 1048576K

Card table byte_map: [0x0000000011810000,0x0000000011c20000] byte_map_base: 0x0000000011410000

Marking Bits: (ParMarkBitMap*) 0x000000005fcff030
 Begin Bits: [0x00000000126d0000, 0x00000000146d0000)
 End Bits:   [0x00000000146d0000, 0x00000000166d0000)

Polling page: 0x00000000009d0000

CodeCache: size=245760Kb used=10427Kb max_used=10427Kb free=235332Kb
 bounds [0x0000000002450000, 0x0000000002e90000, 0x0000000011450000]
 total_blobs=3413 nmethods=2729 adapters=596
 compilation: enabled

Compilation events (10 events):
Event: 3.654 Thread 0x00000000192d1000 nmethod 2730 0x0000000002e6dc90 code [0x0000000002e6de00, 0x0000000002e6e128]
Event: 3.662 Thread 0x00000000192d1000 2731       3       java.lang.Class::getConstructor0 (103 bytes)
Event: 3.664 Thread 0x00000000192d1000 nmethod 2731 0x0000000002e78e50 code [0x0000000002e79140, 0x0000000002e7a638]
Event: 3.664 Thread 0x00000000192d1000 2732       3       java.lang.AbstractStringBuilder::append (54 bytes)
Event: 3.664 Thread 0x00000000192d1000 nmethod 2732 0x0000000002e76910 code [0x0000000002e76ae0, 0x0000000002e773e8]
Event: 3.664 Thread 0x00000000192d1000 2733       3       java.util.regex.Matcher::find (69 bytes)
Event: 3.664 Thread 0x00000000192d1000 nmethod 2733 0x0000000002e76310 code [0x0000000002e76480, 0x0000000002e76828]
Event: 3.666 Thread 0x00000000192d1000 2734       3       org.gradle.internal.reflect.MutableClassDetails::superType (12 bytes)
Event: 3.666 Thread 0x00000000192d1000 nmethod 2734 0x0000000002e7b110 code [0x0000000002e7b280, 0x0000000002e7b4a8]
Event: 3.666 Thread 0x00000000192d1000 2735       3       org.gradle.model.internal.asm.AsmClassGeneratorUtils::visitType (417 bytes)

GC Heap History (10 events):
Event: 2.104 GC heap before
{Heap before GC invocations=3 (full 0):
 PSYoungGen      total 76288K, used 74583K [0x00000000d5580000, 0x00000000daa80000, 0x0000000100000000)
  eden space 65536K, 100% used [0x00000000d5580000,0x00000000d9580000,0x00000000d9580000)
  from space 10752K, 84% used [0x00000000da000000,0x00000000da8d5f38,0x00000000daa80000)
  to   space 10752K, 0% used [0x00000000d9580000,0x00000000d9580000,0x00000000da000000)
 ParOldGen       total 175104K, used 24K [0x0000000080000000, 0x000000008ab00000, 0x00000000d5580000)
  object space 175104K, 0% used [0x0000000080000000,0x0000000080006000,0x000000008ab00000)
 Metaspace       used 19993K, capacity 20650K, committed 20992K, reserved 1067008K
  class space    used 2781K, capacity 2949K, committed 3072K, reserved 1048576K
Event: 2.112 GC heap after
Heap after GC invocations=3 (full 0):
 PSYoungGen      total 76288K, used 10739K [0x00000000d5580000, 0x00000000daa80000, 0x0000000100000000)
  eden space 65536K, 0% used [0x00000000d5580000,0x00000000d5580000,0x00000000d9580000)
  from space 10752K, 99% used [0x00000000d9580000,0x00000000d9ffcd00,0x00000000da000000)
  to   space 10752K, 0% used [0x00000000da000000,0x00000000da000000,0x00000000daa80000)
 ParOldGen       total 175104K, used 818K [0x0000000080000000, 0x000000008ab00000, 0x00000000d5580000)
  object space 175104K, 0% used [0x0000000080000000,0x00000000800ccbb0,0x000000008ab00000)
 Metaspace       used 19993K, capacity 20650K, committed 20992K, reserved 1067008K
  class space    used 2781K, capacity 2949K, committed 3072K, reserved 1048576K
}
Event: 2.176 GC heap before
{Heap before GC invocations=4 (full 0):
 PSYoungGen      total 76288K, used 20896K [0x00000000d5580000, 0x00000000daa80000, 0x0000000100000000)
  eden space 65536K, 15% used [0x00000000d5580000,0x00000000d5f6b6f0,0x00000000d9580000)
  from space 10752K, 99% used [0x00000000d9580000,0x00000000d9ffcd00,0x00000000da000000)
  to   space 10752K, 0% used [0x00000000da000000,0x00000000da000000,0x00000000daa80000)
 ParOldGen       total 175104K, used 818K [0x0000000080000000, 0x000000008ab00000, 0x00000000d5580000)
  object space 175104K, 0% used [0x0000000080000000,0x00000000800ccbb0,0x000000008ab00000)
 Metaspace       used 20584K, capacity 21236K, committed 21296K, reserved 1067008K
  class space    used 2875K, capacity 3080K, committed 3120K, reserved 1048576K
Event: 2.181 GC heap after
Heap after GC invocations=4 (full 0):
 PSYoungGen      total 76288K, used 7438K [0x00000000d5580000, 0x00000000dea80000, 0x0000000100000000)
  eden space 65536K, 0% used [0x00000000d5580000,0x00000000d5580000,0x00000000d9580000)
  from space 10752K, 69% used [0x00000000da000000,0x00000000da743918,0x00000000daa80000)
  to   space 10752K, 0% used [0x00000000d9580000,0x00000000d9580000,0x00000000da000000)
 ParOldGen       total 175104K, used 826K [0x0000000080000000, 0x000000008ab00000, 0x00000000d5580000)
  object space 175104K, 0% used [0x0000000080000000,0x00000000800cebb0,0x000000008ab00000)
 Metaspace       used 20584K, capacity 21236K, committed 21296K, reserved 1067008K
  class space    used 2875K, capacity 3080K, committed 3120K, reserved 1048576K
}
Event: 2.181 GC heap before
{Heap before GC invocations=5 (full 1):
 PSYoungGen      total 76288K, used 7438K [0x00000000d5580000, 0x00000000dea80000, 0x0000000100000000)
  eden space 65536K, 0% used [0x00000000d5580000,0x00000000d5580000,0x00000000d9580000)
  from space 10752K, 69% used [0x00000000da000000,0x00000000da743918,0x00000000daa80000)
  to   space 10752K, 0% used [0x00000000d9580000,0x00000000d9580000,0x00000000da000000)
 ParOldGen       total 175104K, used 826K [0x0000000080000000, 0x000000008ab00000, 0x00000000d5580000)
  object space 175104K, 0% used [0x0000000080000000,0x00000000800cebb0,0x000000008ab00000)
 Metaspace       used 20584K, capacity 21236K, committed 21296K, reserved 1067008K
  class space    used 2875K, capacity 3080K, committed 3120K, reserved 1048576K
Event: 2.210 GC heap after
Heap after GC invocations=5 (full 1):
 PSYoungGen      total 76288K, used 0K [0x00000000d5580000, 0x00000000dea80000, 0x0000000100000000)
  eden space 65536K, 0% used [0x00000000d5580000,0x00000000d5580000,0x00000000d9580000)
  from space 10752K, 0% used [0x00000000da000000,0x00000000da000000,0x00000000daa80000)
  to   space 10752K, 0% used [0x00000000d9580000,0x00000000d9580000,0x00000000da000000)
 ParOldGen       total 97792K, used 7205K [0x0000000080000000, 0x0000000085f80000, 0x00000000d5580000)
  object space 97792K, 7% used [0x0000000080000000,0x00000000807095a8,0x0000000085f80000)
 Metaspace       used 20584K, capacity 21236K, committed 21296K, reserved 1067008K
  class space    used 2875K, capacity 3080K, committed 3120K, reserved 1048576K
}
Event: 3.050 GC heap before
{Heap before GC invocations=6 (full 1):
 PSYoungGen      total 76288K, used 65536K [0x00000000d5580000, 0x00000000dea80000, 0x0000000100000000)
  eden space 65536K, 100% used [0x00000000d5580000,0x00000000d9580000,0x00000000d9580000)
  from space 10752K, 0% used [0x00000000da000000,0x00000000da000000,0x00000000daa80000)
  to   space 10752K, 0% used [0x00000000d9580000,0x00000000d9580000,0x00000000da000000)
 ParOldGen       total 97792K, used 7205K [0x0000000080000000, 0x0000000085f80000, 0x00000000d5580000)
  object space 97792K, 7% used [0x0000000080000000,0x00000000807095a8,0x0000000085f80000)
 Metaspace       used 28841K, capacity 29702K, committed 29872K, reserved 1075200K
  class space    used 3995K, capacity 4229K, committed 4272K, reserved 1048576K
Event: 3.054 GC heap after
Heap after GC invocations=6 (full 1):
 PSYoungGen      total 76288K, used 8565K [0x00000000d5580000, 0x00000000dd200000, 0x0000000100000000)
  eden space 65536K, 0% used [0x00000000d5580000,0x00000000d5580000,0x00000000d9580000)
  from space 10752K, 79% used [0x00000000d9580000,0x00000000d9ddd7d8,0x00000000da000000)
  to   space 11776K, 0% used [0x00000000dc680000,0x00000000dc680000,0x00000000dd200000)
 ParOldGen       total 97792K, used 7213K [0x0000000080000000, 0x0000000085f80000, 0x00000000d5580000)
  object space 97792K, 7% used [0x0000000080000000,0x000000008070b5a8,0x0000000085f80000)
 Metaspace       used 28841K, capacity 29702K, committed 29872K, reserved 1075200K
  class space    used 3995K, capacity 4229K, committed 4272K, reserved 1048576K
}
Event: 3.621 GC heap before
{Heap before GC invocations=7 (full 1):
 PSYoungGen      total 76288K, used 74101K [0x00000000d5580000, 0x00000000dd200000, 0x0000000100000000)
  eden space 65536K, 100% used [0x00000000d5580000,0x00000000d9580000,0x00000000d9580000)
  from space 10752K, 79% used [0x00000000d9580000,0x00000000d9ddd7d8,0x00000000da000000)
  to   space 11776K, 0% used [0x00000000dc680000,0x00000000dc680000,0x00000000dd200000)
 ParOldGen       total 97792K, used 7213K [0x0000000080000000, 0x0000000085f80000, 0x00000000d5580000)
  object space 97792K, 7% used [0x0000000080000000,0x000000008070b5a8,0x0000000085f80000)
 Metaspace       used 33006K, capacity 34126K, committed 34608K, reserved 1087488K
  class space    used 4511K, capacity 4794K, committed 4912K, reserved 1048576K
Event: 3.627 GC heap after
Heap after GC invocations=7 (full 1):
 PSYoungGen      total 111616K, used 9298K [0x00000000d5580000, 0x00000000dd000000, 0x0000000100000000)
  eden space 101888K, 0% used [0x00000000d5580000,0x00000000d5580000,0x00000000db900000)
  from space 9728K, 95% used [0x00000000dc680000,0x00000000dcf948c0,0x00000000dd000000)
  to   space 11776K, 0% used [0x00000000db900000,0x00000000db900000,0x00000000dc480000)
 ParOldGen       total 97792K, used 7221K [0x0000000080000000, 0x0000000085f80000, 0x00000000d5580000)
  object space 97792K, 7% used [0x0000000080000000,0x000000008070d5a8,0x0000000085f80000)
 Metaspace       used 33006K, capacity 34126K, committed 34608K, reserved 1087488K
  class space    used 4511K, capacity 4794K, committed 4912K, reserved 1048576K
}

Deoptimization events (10 events):
Event: 2.621 Thread 0x000000001bc25000 Uncommon trap: reason=unstable_if action=reinterpret pc=0x0000000002a4090c method=java.util.HashMap.putVal(ILjava/lang/Object;Ljava/lang/Object;ZZ)Ljava/lang/Object; @ 162
Event: 3.055 Thread 0x0000000002448000 Uncommon trap: reason=unstable_if action=reinterpret pc=0x0000000002a6fbbc method=java.lang.ref.Reference.tryHandlePending(Z)Z @ 104
Event: 3.058 Thread 0x000000001bc25000 Uncommon trap: reason=unstable_if action=reinterpret pc=0x0000000002a55700 method=java.net.URLClassLoader.defineClass(Ljava/lang/String;Lsun/misc/Resource;)Ljava/lang/Class; @ 21
Event: 3.058 Thread 0x000000001bc25000 Uncommon trap: reason=unstable_if action=reinterpret pc=0x0000000002958574 method=java.lang.ClassLoader.getClassLoadingLock(Ljava/lang/String;)Ljava/lang/Object; @ 6
Event: 3.418 Thread 0x000000001bc25000 Uncommon trap: reason=unstable_if action=reinterpret pc=0x0000000002a12384 method=java.util.HashMap.getNode(ILjava/lang/Object;)Ljava/util/HashMap$Node; @ 53
Event: 3.418 Thread 0x000000001bc25000 Uncommon trap: reason=unstable_if action=reinterpret pc=0x0000000002a24eb4 method=java.util.HashMap.putVal(ILjava/lang/Object;Ljava/lang/Object;ZZ)Ljava/lang/Object; @ 85
Event: 3.475 Thread 0x000000001bc25000 Uncommon trap: reason=unstable_if action=reinterpret pc=0x0000000002d83a04 method=org.gradle.internal.reflect.PropertyAccessorType.isGetGetterName(Ljava/lang/String;)Z @ 14
Event: 3.489 Thread 0x000000001bc25000 Uncommon trap: reason=unstable_if action=reinterpret pc=0x0000000002b66880 method=org.objectweb.asm.ByteVector.putShort(I)Lorg/objectweb/asm/ByteVector; @ 13
Event: 3.535 Thread 0x000000001bc25000 Uncommon trap: reason=unstable_if action=reinterpret pc=0x0000000002a9b48c method=java.net.URLClassLoader.defineClass(Ljava/lang/String;Lsun/misc/Resource;)Ljava/lang/Class; @ 21
Event: 3.572 Thread 0x000000001bc25000 Uncommon trap: reason=unstable_if action=reinterpret pc=0x0000000002e13370 method=org.codehaus.groovy.runtime.metaclass.MetaMethodIndex.addMethodToList(Ljava/lang/Object;Lgroovy/lang/MetaMethod;)Ljava/lang/Object; @ 226

Classes redefined (0 events):
No events

Internal exceptions (10 events):
Event: 3.583 Thread 0x000000001bc25000 Exception <a 'java/lang/ClassNotFoundException': org/gradle/api/internal/DefaultNamedDomainObjectCollectionBeanInfo> (0x00000000d8c65da8) thrown at [C:\src\AOSP-openjdk-git\hotspot\src\share\vm\classfile\systemDictionary.cpp, line 210]
Event: 3.583 Thread 0x000000001bc25000 Exception <a 'java/lang/ClassNotFoundException': org/gradle/api/internal/DefaultDomainObjectCollectionBeanInfo> (0x00000000d8c9a230) thrown at [C:\src\AOSP-openjdk-git\hotspot\src\share\vm\classfile\systemDictionary.cpp, line 210]
Event: 3.583 Thread 0x000000001bc25000 Exception <a 'java/lang/ClassNotFoundException': java/util/AbstractCollectionBeanInfo> (0x00000000d8c9ea00) thrown at [C:\src\AOSP-openjdk-git\hotspot\src\share\vm\classfile\systemDictionary.cpp, line 210]
Event: 3.583 Thread 0x000000001bc25000 Exception <a 'java/lang/ClassNotFoundException': java/util/AbstractCollectionCustomizer> (0x00000000d8ca3168) thrown at [C:\src\AOSP-openjdk-git\hotspot\src\share\vm\classfile\systemDictionary.cpp, line 210]
Event: 3.585 Thread 0x000000001bc25000 Exception <a 'java/lang/ClassNotFoundException': org/gradle/api/internal/DefaultDomainObjectCollectionCustomizer> (0x00000000d8ce3088) thrown at [C:\src\AOSP-openjdk-git\hotspot\src\share\vm\classfile\systemDictionary.cpp, line 210]
Event: 3.586 Thread 0x000000001bc25000 Exception <a 'java/lang/ClassNotFoundException': org/gradle/api/internal/DefaultNamedDomainObjectCollectionCustomizer> (0x00000000d8d41428) thrown at [C:\src\AOSP-openjdk-git\hotspot\src\share\vm\classfile\systemDictionary.cpp, line 210]
Event: 3.587 Thread 0x000000001bc25000 Exception <a 'java/lang/ClassNotFoundException': org/gradle/api/internal/DefaultNamedDomainObjectListCustomizer> (0x00000000d8db5fc8) thrown at [C:\src\AOSP-openjdk-git\hotspot\src\share\vm\classfile\systemDictionary.cpp, line 210]
Event: 3.588 Thread 0x000000001bc25000 Exception <a 'java/lang/ClassNotFoundException': org/gradle/api/internal/artifacts/DefaultArtifactRepositoryContainerCustomizer> (0x00000000d8e2af00) thrown at [C:\src\AOSP-openjdk-git\hotspot\src\share\vm\classfile\systemDictionary.cpp, line 210]
Event: 3.589 Thread 0x000000001bc25000 Exception <a 'java/lang/ClassNotFoundException': org/gradle/api/internal/artifacts/dsl/DefaultRepositoryHandlerCustomizer> (0x00000000d8e902f0) thrown at [C:\src\AOSP-openjdk-git\hotspot\src\share\vm\classfile\systemDictionary.cpp, line 210]
Event: 3.590 Thread 0x000000001bc25000 Exception <a 'java/lang/ClassNotFoundException': org/gradle/api/internal/artifacts/dsl/DefaultRepositoryHandler_DecoratedCustomizer> (0x00000000d8f13b78) thrown at [C:\src\AOSP-openjdk-git\hotspot\src\share\vm\classfile\systemDictionary.cpp, line 210]

Events (10 events):
Event: 3.663 loading class org/gradle/api/internal/artifacts/dsl/dependencies/DefaultDependencyConstraintHandler$DependencyConstraintAdder
Event: 3.664 loading class org/gradle/api/internal/artifacts/dsl/dependencies/DefaultDependencyConstraintHandler$DependencyConstraintAdder done
Event: 3.664 loading class org/gradle/api/internal/artifacts/query/DefaultArtifactResolutionQueryFactory
Event: 3.664 loading class org/gradle/api/internal/artifacts/query/DefaultArtifactResolutionQueryFactory done
Event: 3.664 loading class org/gradle/api/artifacts/query/ArtifactResolutionQuery
Event: 3.664 loading class org/gradle/api/artifacts/query/ArtifactResolutionQuery done
Event: 3.664 loading class org/gradle/api/internal/artifacts/dsl/dependencies/DefaultDependencyHandler
Event: 3.664 loading class org/gradle/api/internal/artifacts/dsl/dependencies/DefaultDependencyHandler done
Event: 3.665 loading class org/gradle/api/artifacts/ModuleDependencyCapabilitiesHandler
Event: 3.665 loading class org/gradle/api/artifacts/ModuleDependencyCapabilitiesHandler done


Dynamic libraries:
0x00007ff704d30000 - 0x00007ff704d61000 	C:\Program Files\Android\Android Studio\jre\bin\java.exe
0x00007ffeae9d0000 - 0x00007ffeaebc5000 	C:\WINDOWS\SYSTEM32\ntdll.dll
0x00007ffeadfe0000 - 0x00007ffeae09d000 	C:\WINDOWS\System32\KERNEL32.DLL
0x00007ffeac4a0000 - 0x00007ffeac769000 	C:\WINDOWS\System32\KERNELBASE.dll
0x00007ffeadf30000 - 0x00007ffeadfdc000 	C:\WINDOWS\System32\ADVAPI32.dll
0x00007ffeae890000 - 0x00007ffeae92e000 	C:\WINDOWS\System32\msvcrt.dll
0x00007ffeacb60000 - 0x00007ffeacbfc000 	C:\WINDOWS\System32\sechost.dll
0x00007ffeaddf0000 - 0x00007ffeadf1b000 	C:\WINDOWS\System32\RPCRT4.dll
0x00007ffeae640000 - 0x00007ffeae7e0000 	C:\WINDOWS\System32\USER32.dll
0x00007ffeac920000 - 0x00007ffeac942000 	C:\WINDOWS\System32\win32u.dll
0x00007ffeacc00000 - 0x00007ffeacc2a000 	C:\WINDOWS\System32\GDI32.dll
0x00007ffeac770000 - 0x00007ffeac87b000 	C:\WINDOWS\System32\gdi32full.dll
0x00007ffeac880000 - 0x00007ffeac91d000 	C:\WINDOWS\System32\msvcp_win.dll
0x00007ffeac350000 - 0x00007ffeac450000 	C:\WINDOWS\System32\ucrtbase.dll
0x00007ffe98650000 - 0x00007ffe988ea000 	C:\WINDOWS\WinSxS\amd64_microsoft.windows.common-controls_6595b64144ccf1df_6.0.19041.844_none_ca00b6081b84eb1d\COMCTL32.dll
0x00007ffeae610000 - 0x00007ffeae640000 	C:\WINDOWS\System32\IMM32.DLL
0x000000005f450000 - 0x000000005f522000 	C:\Program Files\Android\Android Studio\jre\jre\bin\msvcr100.dll
0x000000005f530000 - 0x000000005fd7b000 	C:\Program Files\Android\Android Studio\jre\jre\bin\server\jvm.dll
0x00007ffeacf30000 - 0x00007ffeacf38000 	C:\WINDOWS\System32\PSAPI.DLL
0x00007ffea5440000 - 0x00007ffea544a000 	C:\WINDOWS\SYSTEM32\VERSION.dll
0x00007ffe95270000 - 0x00007ffe95279000 	C:\WINDOWS\SYSTEM32\WSOCK32.dll
0x00007ffe9b8a0000 - 0x00007ffe9b8c7000 	C:\WINDOWS\SYSTEM32\WINMM.dll
0x00007ffeadc40000 - 0x00007ffeadcab000 	C:\WINDOWS\System32\WS2_32.dll
0x00007ffea7e40000 - 0x00007ffea7e4f000 	C:\Program Files\Android\Android Studio\jre\jre\bin\verify.dll
0x00007ffe98df0000 - 0x00007ffe98e19000 	C:\Program Files\Android\Android Studio\jre\jre\bin\java.dll
0x00007ffe989e0000 - 0x00007ffe989f6000 	C:\Program Files\Android\Android Studio\jre\jre\bin\zip.dll
0x00007ffead4f0000 - 0x00007ffeadc32000 	C:\WINDOWS\System32\SHELL32.dll
0x00007ffeaa980000 - 0x00007ffeab110000 	C:\WINDOWS\SYSTEM32\windows.storage.dll
0x00007ffeae250000 - 0x00007ffeae5a5000 	C:\WINDOWS\System32\combase.dll
0x00007ffeabb80000 - 0x00007ffeabbac000 	C:\WINDOWS\SYSTEM32\Wldp.dll
0x00007ffeae7e0000 - 0x00007ffeae88e000 	C:\WINDOWS\System32\SHCORE.dll
0x00007ffeae5b0000 - 0x00007ffeae605000 	C:\WINDOWS\System32\shlwapi.dll
0x00007ffeac050000 - 0x00007ffeac06f000 	C:\WINDOWS\SYSTEM32\profapi.dll
0x00007ffe93380000 - 0x00007ffe9339a000 	C:\Program Files\Android\Android Studio\jre\jre\bin\net.dll
0x00007ffeab900000 - 0x00007ffeab96a000 	C:\WINDOWS\system32\mswsock.dll
0x00007ffe93360000 - 0x00007ffe93373000 	C:\Program Files\Android\Android Studio\jre\jre\bin\nio.dll
0x00007ffe7c990000 - 0x00007ffe7c9b7000 	C:\Users\Vladimir\.gradle\native\f6784746aeab05261644944871eae4fe03e0ef1612fff0a4a95f87b438bc6780\windows-amd64\native-platform.dll
0x00007ffea7e30000 - 0x00007ffea7e3d000 	C:\Program Files\Android\Android Studio\jre\jre\bin\management.dll
0x00007ffeabad0000 - 0x00007ffeabae8000 	C:\WINDOWS\SYSTEM32\CRYPTSP.dll
0x0000000062dc0000 - 0x0000000062dd7000 	C:\Program Files\Common Files\Crypto Pro\AppCompat\cpadvai.dll
0x0000000062de0000 - 0x0000000062de6000 	C:\Program Files\Common Files\Crypto Pro\AppCompat\detoured.dll
0x00007ffeab230000 - 0x00007ffeab264000 	C:\WINDOWS\system32\rsaenh.dll
0x00007ffeaca00000 - 0x00007ffeaca27000 	C:\WINDOWS\System32\bcrypt.dll
0x00007ffeac010000 - 0x00007ffeac03e000 	C:\WINDOWS\SYSTEM32\USERENV.dll
0x00007ffeac170000 - 0x00007ffeac1f0000 	C:\WINDOWS\System32\bcryptprimitives.dll
0x00007ffeabaf0000 - 0x00007ffeabafc000 	C:\WINDOWS\SYSTEM32\CRYPTBASE.dll
0x00007ffeab5a0000 - 0x00007ffeab5db000 	C:\WINDOWS\SYSTEM32\IPHLPAPI.DLL
0x00007ffeadf20000 - 0x00007ffeadf28000 	C:\WINDOWS\System32\NSI.dll
0x00007ffea3950000 - 0x00007ffea3967000 	C:\WINDOWS\SYSTEM32\dhcpcsvc6.DLL
0x00007ffea4a40000 - 0x00007ffea4a5d000 	C:\WINDOWS\SYSTEM32\dhcpcsvc.DLL
0x00007ffeab5e0000 - 0x00007ffeab6ab000 	C:\WINDOWS\SYSTEM32\DNSAPI.dll
0x00007ffea5170000 - 0x00007ffea517b000 	C:\WINDOWS\SYSTEM32\WINNSI.DLL

VM Arguments:
jvm_args: -Xmx2048m -Dfile.encoding=UTF-8 -Duser.country=RU -Duser.language=ru -Duser.variant 
java_command: org.gradle.launcher.daemon.bootstrap.GradleDaemon 6.5
java_class_path (initial): C:\Users\Vladimir\.gradle\wrapper\dists\gradle-6.5-bin\6nifqtx7604sqp1q6g8wikw7p\gradle-6.5\lib\gradle-launcher-6.5.jar
Launcher Type: SUN_STANDARD

Environment Variables:
PATH=C:\Program Files\ImageMagick-7.0.10-Q16-HDRI;C:\Program Files (x86)\ActiveState Komodo IDE 12\;C:\Program Files (x86)\Common Files\Oracle\Java\javapath;C:\Program Files (x86)\Intel\Intel(R) Management Engine Components\iCLS\;C:\Program Files\Intel\Intel(R) Management Engine Components\iCLS\;C:\Windows\system32;C:\Windows;C:\Windows\System32\Wbem;C:\Windows\System32\WindowsPowerShell\v1.0\;C:\Program Files (x86)\Intel\Intel(R) Management Engine Components\DAL;C:\Program Files\Intel\Intel(R) Management Engine Components\DAL;C:\Program Files (x86)\Intel\Intel(R) Management Engine Components\IPT;C:\Program Files\Intel\Intel(R) Management Engine Components\IPT;C:\Program Files\Intel\WiFi\bin\;C:\Program Files\Common Files\Intel\WirelessCommon\;C:\Program Files\Git\cmd;C:\Program Files (x86)\NVIDIA Corporation\PhysX\Common;C:\Program Files\NVIDIA Corporation\NVIDIA NvDLISR;C:\WINDOWS\system32;C:\WINDOWS;C:\WINDOWS\System32\Wbem;C:\WINDOWS\System32\WindowsPowerShell\v1.0\;C:\Users\Vladimir\AppData\Local\Microsoft\WindowsApps;C:\Program Files\Intel\WiFi\bin\;C:\Program Files\Common Files\Intel\WirelessCommon\;C:\Program Files\JetBrains\PyCharm 2020.2.3\bin;C:\Users\Vladimir\AppData\Local\gitkraken\bin
USERNAME=Vladimir
OS=Windows_NT
PROCESSOR_IDENTIFIER=Intel64 Family 6 Model 142 Stepping 10, GenuineIntel



---------------  S Y S T E M  ---------------

OS: Windows 10.0 , 64 bit Build 19041 (10.0.19041.804)

CPU:total 8 (initial active 8) (4 cores per cpu, 2 threads per core) family 6 model 142 stepping 10, cmov, cx8, fxsr, mmx, sse, sse2, sse3, ssse3, sse4.1, sse4.2, popcnt, avx, avx2, aes, clmul, erms, 3dnowpref, lzcnt, ht, tsc, tscinvbit, bmi1, bmi2, adx

Memory: 4k page, physical 16658532k(1169916k free), swap 16658532k(5120k free)

vm_info: OpenJDK 64-Bit Server VM (25.242-b01) for windows-amd64 JRE (1.8.0_242-release-1644-b01), built by "builder" with MS VC++ 10.0 (VS2010)

time: Wed Mar 17 16:22:16 2021
timezone: RTZ 2 (зима)
elapsed time: 3 seconds (0d 0h 0m 3s)

